# JRE version: OpenJDK Runtime Environment (11.0.11+9) (build 11.0.11+9-b60-7590822)
# Java VM: OpenJDK 64-Bit Server VM (11.0.11+9-b60-7590822, mixed mode, tiered, compressed oops, g1 gc, windows-amd64)
Heap:
 garbage-first heap   total 406528K, used 266928K [0x0000000080000000, 0x0000000100000000)
  region size 1024K, 11 young (11264K), 6 survivors (6144K)
 Metaspace       used 136076K, capacity 139742K, committed 139940K, reserved 1171456K
  class space    used 16985K, capacity 18331K, committed 18340K, reserved 1048576K
GC Heap History (20 events):
Event: 198.504 GC heap before
{Heap before GC invocations=56 (full 0):
 garbage-first heap   total 306176K, used 174821K [0x0000000080000000, 0x0000000100000000)
  region size 1024K, 14 young (14336K), 9 survivors (9216K)
 Metaspace       used 130196K, capacity 133465K, committed 133540K, reserved 1165312K
  class space    used 16055K, capacity 17246K, committed 17316K, reserved 1048576K
}
Event: 198.517 GC heap after
{Heap after GC invocations=57 (full 0):
 garbage-first heap   total 306176K, used 165681K [0x0000000080000000, 0x0000000100000000)
  region size 1024K, 2 young (2048K), 2 survivors (2048K)
 Metaspace       used 130196K, capacity 133465K, committed 133540K, reserved 1165312K
  class space    used 16055K, capacity 17246K, committed 17316K, reserved 1048576K
}
Event: 200.399 GC heap before
{Heap before GC invocations=57 (full 0):
 garbage-first heap   total 306176K, used 249649K [0x0000000080000000, 0x0000000100000000)
  region size 1024K, 68 young (69632K), 2 survivors (2048K)
 Metaspace       used 132689K, capacity 136031K, committed 136100K, reserved 1167360K
  class space    used 16564K, capacity 17783K, committed 17828K, reserved 1048576K
}
Event: 200.467 GC heap after
{Heap after GC invocations=58 (full 0):
 garbage-first heap   total 306176K, used 201526K [0x0000000080000000, 0x0000000100000000)
  region size 1024K, 9 young (9216K), 9 survivors (9216K)
 Metaspace       used 132689K, capacity 136031K, committed 136100K, reserved 1167360K
  class space    used 16564K, capacity 17783K, committed 17828K, reserved 1048576K
}
Event: 200.683 GC heap before
{Heap before GC invocations=58 (full 0):
 garbage-first heap   total 306176K, used 244534K [0x0000000080000000, 0x0000000100000000)
  region size 1024K, 51 young (52224K), 9 survivors (9216K)
 Metaspace       used 132716K, capacity 136098K, committed 136356K, reserved 1167360K
  class space    used 16564K, capacity 17783K, committed 17828K, reserved 1048576K
}
Event: 200.757 GC heap after
{Heap after GC invocations=59 (full 0):
 garbage-first heap   total 306176K, used 223744K [0x0000000080000000, 0x0000000100000000)
  region size 1024K, 7 young (7168K), 7 survivors (7168K)
 Metaspace       used 132716K, capacity 136098K, committed 136356K, reserved 1167360K
  class space    used 16564K, capacity 17783K, committed 17828K, reserved 1048576K
}
Event: 201.802 GC heap before
{Heap before GC invocations=59 (full 0):
 garbage-first heap   total 306176K, used 250368K [0x0000000080000000, 0x0000000100000000)
  region size 1024K, 34 young (34816K), 7 survivors (7168K)
 Metaspace       used 134166K, capacity 137605K, committed 137892K, reserved 1169408K
  class space    used 16756K, capacity 18023K, committed 18084K, reserved 1048576K
}
Event: 201.829 GC heap after
{Heap after GC invocations=60 (full 0):
 garbage-first heap   total 306176K, used 235008K [0x0000000080000000, 0x0000000100000000)
  region size 1024K, 5 young (5120K), 5 survivors (5120K)
 Metaspace       used 134166K, capacity 137605K, committed 137892K, reserved 1169408K
  class space    used 16756K, capacity 18023K, committed 18084K, reserved 1048576K
}
Event: 202.481 GC heap before
{Heap before GC invocations=60 (full 0):
 garbage-first heap   total 306176K, used 255488K [0x0000000080000000, 0x0000000100000000)
  region size 1024K, 25 young (25600K), 5 survivors (5120K)
 Metaspace       used 134888K, capacity 138533K, committed 138788K, reserved 1169408K
  class space    used 16876K, capacity 18205K, committed 18212K, reserved 1048576K
}
Event: 202.501 GC heap after
{Heap after GC invocations=61 (full 0):
 garbage-first heap   total 306176K, used 238870K [0x0000000080000000, 0x0000000100000000)
  region size 1024K, 4 young (4096K), 4 survivors (4096K)
 Metaspace       used 134888K, capacity 138533K, committed 138788K, reserved 1169408K
  class space    used 16876K, capacity 18205K, committed 18212K, reserved 1048576K
}
Event: 202.944 GC heap before
{Heap before GC invocations=61 (full 0):
 garbage-first heap   total 306176K, used 258326K [0x0000000080000000, 0x0000000100000000)
  region size 1024K, 23 young (23552K), 4 survivors (4096K)
 Metaspace       used 135183K, capacity 138854K, committed 139172K, reserved 1169408K
  class space    used 16917K, capacity 18245K, committed 18340K, reserved 1048576K
}
Event: 202.961 GC heap after
{Heap after GC invocations=62 (full 0):
 garbage-first heap   total 306176K, used 240497K [0x0000000080000000, 0x0000000100000000)
  region size 1024K, 3 young (3072K), 3 survivors (3072K)
 Metaspace       used 135183K, capacity 138854K, committed 139172K, reserved 1169408K
  class space    used 16917K, capacity 18245K, committed 18340K, reserved 1048576K
}
Event: 203.339 GC heap before
{Heap before GC invocations=62 (full 0):
 garbage-first heap   total 306176K, used 250737K [0x0000000080000000, 0x0000000100000000)
  region size 1024K, 22 young (22528K), 3 survivors (3072K)
 Metaspace       used 135353K, capacity 138973K, committed 139172K, reserved 1169408K
  class space    used 16920K, capacity 18252K, committed 18340K, reserved 1048576K
}
Event: 203.354 GC heap after
{Heap after GC invocations=63 (full 0):
 garbage-first heap   total 306176K, used 234283K [0x0000000080000000, 0x0000000100000000)
  region size 1024K, 2 young (2048K), 2 survivors (2048K)
 Metaspace       used 135353K, capacity 138973K, committed 139172K, reserved 1169408K
  class space    used 16920K, capacity 18252K, committed 18340K, reserved 1048576K
}
Event: 203.658 GC heap before
{Heap before GC invocations=64 (full 0):
 garbage-first heap   total 306176K, used 259883K [0x0000000080000000, 0x0000000100000000)
  region size 1024K, 25 young (25600K), 2 survivors (2048K)
 Metaspace       used 135365K, capacity 138974K, committed 139172K, reserved 1169408K
  class space    used 16920K, capacity 18252K, committed 18340K, reserved 1048576K
}
Event: 203.682 GC heap after
{Heap after GC invocations=65 (full 0):
 garbage-first heap   total 306176K, used 238116K [0x0000000080000000, 0x0000000100000000)
  region size 1024K, 4 young (4096K), 4 survivors (4096K)
 Metaspace       used 135365K, capacity 138974K, committed 139172K, reserved 1169408K
  class space    used 16920K, capacity 18252K, committed 18340K, reserved 1048576K
}
Event: 203.875 GC heap before
{Heap before GC invocations=65 (full 0):
 garbage-first heap   total 306176K, used 252452K [0x0000000080000000, 0x0000000100000000)
  region size 1024K, 14 young (14336K), 4 survivors (4096K)
 Metaspace       used 135369K, capacity 138974K, committed 139172K, reserved 1169408K
  class space    used 16920K, capacity 18252K, committed 18340K, reserved 1048576K
}
Event: 203.931 GC heap after
{Heap after GC invocations=66 (full 0):
 garbage-first heap   total 406528K, used 229995K [0x0000000080000000, 0x0000000100000000)
  region size 1024K, 1 young (1024K), 1 survivors (1024K)
 Metaspace       used 135369K, capacity 138974K, committed 139172K, reserved 1169408K
  class space    used 16920K, capacity 18252K, committed 18340K, reserved 1048576K
}
Event: 205.254 GC heap before
{Heap before GC invocations=66 (full 0):
 garbage-first heap   total 406528K, used 302699K [0x0000000080000000, 0x0000000100000000)
  region size 1024K, 61 young (62464K), 1 survivors (1024K)
 Metaspace       used 135908K, capacity 139601K, committed 139684K, reserved 1171456K
  class space    used 16981K, capacity 18327K, committed 18340K, reserved 1048576K
}
Event: 205.275 GC heap after
{Heap after GC invocations=67 (full 0):
 garbage-first heap   total 406528K, used 248270K [0x0000000080000000, 0x0000000100000000)
  region size 1024K, 8 young (8192K), 8 survivors (8192K)
 Metaspace       used 135908K, capacity 139601K, committed 139684K, reserved 1171456K
  class space    used 16981K, capacity 18327K, committed 18340K, reserved 1048576K
}

